('http://lenta.ru/news/2016/01/27/jihadi_ban', 3.18, '2016-01-27 20:16', 1)
('http://www.ria.ru/world/20160127/1366148818.html', 1.82, '2016-01-27 20:16', 1)
prog_time = 2016-01-27 20:32:14.691087    real_time = 2016-01-27 20:32:19.775152
prog_time = 2016-01-27 20:33:14.691087    real_time = 2016-01-27 20:33:13.886509
prog_time = 2016-01-27 20:34:14.691087    real_time = 2016-01-27 20:34:13.991199
('http://lifenews.ru/news/182119', 38.14, '2016-01-27 20:19', 17)
('http://lenta.ru/news/2016/01/27/mutko_match', 3.48, '2016-01-27 20:19', 1)
prog_time = 2016-01-27 20:35:14.691087    real_time = 2016-01-27 20:35:14.153152
('http://lifenews.ru/news/182125', 30.28, '2016-01-27 20:20', 13)
prog_time = 2016-01-27 20:36:14.691087    real_time = 2016-01-27 20:36:14.321500
prog_time = 2016-01-27 20:37:14.691087    real_time = 2016-01-27 20:37:14.424971
('http://lenta.ru/news/2016/01/27/radulovbillion', 3.02, '2016-01-27 20:22', 1)
prog_time = 2016-01-27 20:38:14.691087    real_time = 2016-01-27 20:38:14.579466
prog_time = 2016-01-27 20:39:14.691087    real_time = 2016-01-27 20:39:14.663488
prog_time = 2016-01-27 20:40:14.691087    real_time = 2016-01-27 20:40:14.772966
prog_time = 2016-01-27 20:41:14.691087    real_time = 2016-01-27 20:41:13.896269
prog_time = 2016-01-27 20:42:14.691087    real_time = 2016-01-27 20:42:14.035155
prog_time = 2016-01-27 20:43:14.691087    real_time = 2016-01-27 20:43:14.147105
prog_time = 2016-01-27 20:44:14.691087    real_time = 2016-01-27 20:44:14.253716
prog_time = 2016-01-27 20:45:14.691087    real_time = 2016-01-27 20:45:14.370832
prog_time = 2016-01-27 20:46:14.691087    real_time = 2016-01-27 20:46:14.446347
prog_time = 2016-01-27 20:47:14.691087    real_time = 2016-01-27 20:47:14.557071
prog_time = 2016-01-27 20:48:14.691087    real_time = 2016-01-27 20:48:14.678874
prog_time = 2016-01-27 20:49:14.691087    real_time = 2016-01-27 20:49:14.791703
prog_time = 2016-01-27 20:50:14.691087    real_time = 2016-01-27 20:50:13.907271
prog_time = 2016-01-27 20:51:14.691087    real_time = 2016-01-27 20:51:14.030687
prog_time = 2016-01-27 20:52:14.691087    real_time = 2016-01-27 20:52:14.105779
prog_time = 2016-01-27 20:53:14.691087    real_time = 2016-01-27 20:53:14.196531
prog_time = 2016-01-27 20:54:14.691087    real_time = 2016-01-27 20:54:14.325987
prog_time = 2016-01-27 20:55:14.691087    real_time = 2016-01-27 20:55:14.405580
('http://lifenews.ru/news/182128', 25.7, '2016-01-27 20:40', 13)
prog_time = 2016-01-27 20:56:14.691087    real_time = 2016-01-27 20:56:14.522676
prog_time = 2016-01-27 20:57:14.691087    real_time = 2016-01-27 20:57:14.614858
prog_time = 2016-01-27 20:58:14.691087    real_time = 2016-01-27 20:58:14.707739
prog_time = 2016-01-27 20:59:14.691087    real_time = 2016-01-27 20:59:13.799711
prog_time = 2016-01-27 21:00:14.691087    real_time = 2016-01-27 21:00:13.900628
prog_time = 2016-01-27 21:01:14.691087    real_time = 2016-01-27 21:01:14.010048
prog_time = 2016-01-27 21:02:14.691087    real_time = 2016-01-27 21:02:14.131004
prog_time = 2016-01-27 21:03:14.691087    real_time = 2016-01-27 21:03:14.224730
('http://www.ria.ru/incidents/20160127/1366168837.html', 1.03, '2016-01-27 20:48', 1)
prog_time = 2016-01-27 21:04:14.691087    real_time = 2016-01-27 21:04:14.337087
('http://lenta.ru/news/2016/01/27/boeing', 3.05, '2016-01-27 20:49', 1)
prog_time = 2016-01-27 21:05:14.691087    real_time = 2016-01-27 21:05:14.501153
prog_time = 2016-01-27 21:06:14.691087    real_time = 2016-01-27 21:06:14.620619
prog_time = 2016-01-27 21:07:14.691087    real_time = 2016-01-27 21:07:14.739899
prog_time = 2016-01-27 21:08:14.691087    real_time = 2016-01-27 21:08:13.810274
('http://www.ria.ru/incidents/20160127/1366170383.html', 1.03, '2016-01-27 20:53', 1)
prog_time = 2016-01-27 21:09:14.691087    real_time = 2016-01-27 21:09:13.933810
prog_time = 2016-01-27 21:10:14.691087    real_time = 2016-01-27 21:10:14.039436
prog_time = 2016-01-27 21:11:14.691087    real_time = 2016-01-27 21:11:14.155185
prog_time = 2016-01-27 21:12:14.691087    real_time = 2016-01-27 21:12:14.243016
prog_time = 2016-01-27 21:13:14.691087    real_time = 2016-01-27 21:13:14.342134
('http://lenta.ru/news/2016/01/27/nato_calls', 3.05, '2016-01-27 20:58', 1)
prog_time = 2016-01-27 21:14:14.691087    real_time = 2016-01-27 21:14:14.506218
prog_time = 2016-01-27 21:15:14.691087    real_time = 2016-01-27 21:15:14.632613
prog_time = 2016-01-27 21:16:14.691087    real_time = 2016-01-27 21:16:14.726653
('http://lifenews.ru/news/182127', 18.67, '2016-01-27 21:01', 7)
prog_time = 2016-01-27 21:17:14.691087    real_time = 2016-01-27 21:17:13.870439
prog_time = 2016-01-27 21:18:14.691087    real_time = 2016-01-27 21:18:13.966759
prog_time = 2016-01-27 21:19:14.691087    real_time = 2016-01-27 21:19:14.037814
prog_time = 2016-01-27 21:20:14.691087    real_time = 2016-01-27 21:20:14.157891
prog_time = 2016-01-27 21:21:14.691087    real_time = 2016-01-27 21:21:14.257914
prog_time = 2016-01-27 21:22:14.691087    real_time = 2016-01-27 21:22:14.374976
prog_time = 2016-01-27 21:23:14.691087    real_time = 2016-01-27 21:23:14.464574
prog_time = 2016-01-27 21:24:14.691087    real_time = 2016-01-27 21:24:14.583528
('http://lifenews.ru/news/182126', 157.05, '2016-01-27 21:09', 49)
prog_time = 2016-01-27 21:25:14.691087    real_time = 2016-01-27 21:25:14.694127
prog_time = 2016-01-27 21:26:14.691087    real_time = 2016-01-27 21:26:13.784704
prog_time = 2016-01-27 21:27:14.691087    real_time = 2016-01-27 21:27:13.865713
prog_time = 2016-01-27 21:28:14.691087    real_time = 2016-01-27 21:28:13.955385
prog_time = 2016-01-27 21:29:14.691087    real_time = 2016-01-27 21:29:14.039200
('http://lifenews.ru/news/182129', 18.94, '2016-01-27 21:14', 8)
prog_time = 2016-01-27 21:30:14.691087    real_time = 2016-01-27 21:30:14.175133
prog_time = 2016-01-27 21:31:14.691087    real_time = 2016-01-27 21:31:14.299188
prog_time = 2016-01-27 21:32:14.691087    real_time = 2016-01-27 21:32:14.393270
prog_time = 2016-01-27 21:33:14.691087    real_time = 2016-01-27 21:33:14.482298
prog_time = 2016-01-27 21:34:14.691087    real_time = 2016-01-27 21:34:14.569437
prog_time = 2016-01-27 21:35:14.691087    real_time = 2016-01-27 21:35:14.660584
('http://lenta.ru/news/2016/01/27/heavyprices', 4.46, '2016-01-27 21:20', 2)
prog_time = 2016-01-27 21:36:14.691087    real_time = 2016-01-27 21:36:14.823178
prog_time = 2016-01-27 21:37:14.691087    real_time = 2016-01-27 21:37:13.947558
prog_time = 2016-01-27 21:38:14.691087    real_time = 2016-01-27 21:38:14.057379
prog_time = 2016-01-27 21:39:14.691087    real_time = 2016-01-27 21:39:14.150441
('http://lenta.ru/news/2016/01/27/rkn_rutracker', 4.32, '2016-01-27 21:24', 2)
prog_time = 2016-01-27 21:40:14.691087    real_time = 2016-01-27 21:40:14.282193
prog_time = 2016-01-27 21:41:14.691087    real_time = 2016-01-27 21:41:14.376119
prog_time = 2016-01-27 21:42:14.691087    real_time = 2016-01-27 21:42:14.494485
prog_time = 2016-01-27 21:43:14.691087    real_time = 2016-01-27 21:43:14.582627
('http://lifenews.ru/news/182133', 57.2, '2016-01-27 21:28', 23)
prog_time = 2016-01-27 21:44:14.691087    real_time = 2016-01-27 21:44:14.709050
prog_time = 2016-01-27 21:45:14.691087    real_time = 2016-01-27 21:45:13.800915
prog_time = 2016-01-27 21:46:14.691087    real_time = 2016-01-27 21:46:13.903517
prog_time = 2016-01-27 21:47:14.691087    real_time = 2016-01-27 21:47:13.993820
prog_time = 2016-01-27 21:48:14.691087    real_time = 2016-01-27 21:48:14.090123
prog_time = 2016-01-27 21:49:14.691087    real_time = 2016-01-27 21:49:14.174759
prog_time = 2016-01-27 21:50:14.691087    real_time = 2016-01-27 21:50:14.289005
('http://lenta.ru/news/2016/01/27/patrushev', 2.7, '2016-01-27 21:35', 1)
prog_time = 2016-01-27 21:51:14.691087    real_time = 2016-01-27 21:51:14.444129
prog_time = 2016-01-27 21:52:14.691087    real_time = 2016-01-27 21:52:14.522496
prog_time = 2016-01-27 21:53:14.691087    real_time = 2016-01-27 21:53:14.650005
prog_time = 2016-01-27 21:54:14.691087    real_time = 2016-01-27 21:54:14.747134
prog_time = 2016-01-27 21:55:14.691087    real_time = 2016-01-27 21:55:13.835558
prog_time = 2016-01-27 21:56:14.691087    real_time = 2016-01-27 21:56:13.942828
prog_time = 2016-01-27 21:57:14.691087    real_time = 2016-01-27 21:57:14.037295
prog_time = 2016-01-27 21:58:14.691087    real_time = 2016-01-27 21:58:14.162199
prog_time = 2016-01-27 21:59:14.691087    real_time = 2016-01-27 21:59:14.244120
prog_time = 2016-01-27 22:00:14.691087    real_time = 2016-01-27 22:00:14.327923
prog_time = 2016-01-27 22:01:14.691087    real_time = 2016-01-27 22:01:14.427160
prog_time = 2016-01-27 22:02:14.691087    real_time = 2016-01-27 22:02:14.531890
prog_time = 2016-01-27 22:03:14.691087    real_time = 2016-01-27 22:03:14.627004
prog_time = 2016-01-27 22:04:14.691087    real_time = 2016-01-27 22:04:14.727842
prog_time = 2016-01-27 22:05:14.691087    real_time = 2016-01-27 22:05:13.811704
prog_time = 2016-01-27 22:06:14.691087    real_time = 2016-01-27 22:06:13.946081
('https://meduza.io/news/2016/01/27/saudovskaya-araviya-predlozhila-obsudit-snizhenie-dobychi-nefti', 15.22, '2016-01-27 21:51', 6)
prog_time = 2016-01-27 22:07:14.691087    real_time = 2016-01-27 22:07:14.087810
prog_time = 2016-01-27 22:08:14.691087    real_time = 2016-01-27 22:08:14.159378
prog_time = 2016-01-27 22:09:14.691087    real_time = 2016-01-27 22:09:14.252389
prog_time = 2016-01-27 22:10:14.691087    real_time = 2016-01-27 22:10:14.361635
prog_time = 2016-01-27 22:11:14.691087    real_time = 2016-01-27 22:11:14.462327
('http://lenta.ru/news/2016/01/27/kasyanov', 4.23, '2016-01-27 21:56', 2)
prog_time = 2016-01-27 22:12:14.691087    real_time = 2016-01-27 22:12:14.602991
prog_time = 2016-01-27 22:13:14.691087    real_time = 2016-01-27 22:13:14.718543
('http://www.forbes.ru/news/311421-valyutnye-zaemshchiki-perekryli-tverskuyu-ulitsu-v-moskve', 12.98, '2016-01-27 21:58', 6)
('http://lenta.ru/news/2016/01/27/alekperov_benzo', 4.23, '2016-01-27 21:58', 2)
prog_time = 2016-01-27 22:14:14.691087    real_time = 2016-01-27 22:14:13.835852
prog_time = 2016-01-27 22:15:14.691087    real_time = 2016-01-27 22:15:13.919148
prog_time = 2016-01-27 22:16:14.691087    real_time = 2016-01-27 22:16:14.015559
prog_time = 2016-01-27 22:17:14.691087    real_time = 2016-01-27 22:17:14.096602
('https://slon.ru/posts/63082', 12.22, '2016-01-27 22:02', 5)
prog_time = 2016-01-27 22:18:14.691087    real_time = 2016-01-27 22:18:14.255379
('http://lifenews.ru/news/182137', 17.33, '2016-01-27 22:03', 7)
prog_time = 2016-01-27 22:19:14.691087    real_time = 2016-01-27 22:19:14.406792
prog_time = 2016-01-27 22:20:14.691087    real_time = 2016-01-27 22:20:14.507289
prog_time = 2016-01-27 22:21:14.691087    real_time = 2016-01-27 22:21:14.588558
prog_time = 2016-01-27 22:22:14.691087    real_time = 2016-01-27 22:22:14.676576
prog_time = 2016-01-27 22:23:14.691087    real_time = 2016-01-27 22:23:14.766799
('http://lifenews.ru/news/182138', 36.25, '2016-01-27 22:08', 17)
prog_time = 2016-01-27 22:24:14.691087    real_time = 2016-01-27 22:24:13.944675
prog_time = 2016-01-27 22:25:14.691087    real_time = 2016-01-27 22:25:14.042609
prog_time = 2016-01-27 22:26:14.691087    real_time = 2016-01-27 22:26:14.107823
prog_time = 2016-01-27 22:27:14.691087    real_time = 2016-01-27 22:27:14.209388
prog_time = 2016-01-27 22:28:14.691087    real_time = 2016-01-27 22:28:14.288308
prog_time = 2016-01-27 22:29:14.691087    real_time = 2016-01-27 22:29:14.407433
prog_time = 2016-01-27 22:30:14.691087    real_time = 2016-01-27 22:30:14.518360
prog_time = 2016-01-27 22:31:14.691087    real_time = 2016-01-27 22:31:14.608040
prog_time = 2016-01-27 22:32:14.691087    real_time = 2016-01-27 22:32:14.660497
('http://lenta.ru/news/2016/01/27/fedreserve', 2.72, '2016-01-27 22:17', 1)
prog_time = 2016-01-27 22:33:14.691087    real_time = 2016-01-27 22:33:14.828464
prog_time = 2016-01-27 22:34:14.691087    real_time = 2016-01-27 22:34:13.876360
prog_time = 2016-01-27 22:35:14.691087    real_time = 2016-01-27 22:35:13.990259
prog_time = 2016-01-27 22:36:14.691087    real_time = 2016-01-27 22:36:14.086673
prog_time = 2016-01-27 22:37:14.691087    real_time = 2016-01-27 22:37:14.169540
prog_time = 2016-01-27 22:38:14.691087    real_time = 2016-01-27 22:38:14.266802
prog_time = 2016-01-27 22:39:14.691087    real_time = 2016-01-27 22:39:14.375338
prog_time = 2016-01-27 22:40:14.691087    real_time = 2016-01-27 22:40:14.480606
prog_time = 2016-01-27 22:41:14.691087    real_time = 2016-01-27 22:41:14.558186
prog_time = 2016-01-27 22:42:14.691087    real_time = 2016-01-27 22:42:14.672383
prog_time = 2016-01-27 22:43:14.691087    real_time = 2016-01-27 22:43:14.757607
('http://lenta.ru/news/2016/01/27/iaaferror', 5.25, '2016-01-27 22:28', 2)
('https://meduza.io/news/2016/01/27/valyutnye-zaemschiki-perekryli-tverskuyu-ulitsu', 23.39, '2016-01-27 22:28', 9)
prog_time = 2016-01-27 22:44:14.691087    real_time = 2016-01-27 22:44:13.893945
prog_time = 2016-01-27 22:45:14.691087    real_time = 2016-01-27 22:45:13.934811
('http://lifenews.ru/news/182139', 61.23, '2016-01-27 22:30', 27)
prog_time = 2016-01-27 22:46:14.691087    real_time = 2016-01-27 22:46:14.064351
prog_time = 2016-01-27 22:47:14.691087    real_time = 2016-01-27 22:47:14.162380
prog_time = 2016-01-27 22:48:14.691087    real_time = 2016-01-27 22:48:14.253076
prog_time = 2016-01-27 22:49:14.691087    real_time = 2016-01-27 22:49:14.337374
prog_time = 2016-01-27 22:50:14.691087    real_time = 2016-01-27 22:50:14.427809
prog_time = 2016-01-27 22:51:14.691087    real_time = 2016-01-27 22:51:14.517910
prog_time = 2016-01-27 22:52:14.691087    real_time = 2016-01-27 22:52:14.625019
prog_time = 2016-01-27 22:53:14.691087    real_time = 2016-01-27 22:53:14.735043
prog_time = 2016-01-27 22:54:14.691087    real_time = 2016-01-27 22:54:13.826932
prog_time = 2016-01-27 22:55:14.691087    real_time = 2016-01-27 22:55:13.948567
('http://lifenews.ru/news/182140', 21.17, '2016-01-27 22:40', 10)
prog_time = 2016-01-27 22:56:14.691087    real_time = 2016-01-27 22:56:14.085395
prog_time = 2016-01-27 22:57:14.691087    real_time = 2016-01-27 22:57:14.176768
prog_time = 2016-01-27 22:58:14.691087    real_time = 2016-01-27 22:58:14.264746
prog_time = 2016-01-27 22:59:14.691087    real_time = 2016-01-27 22:59:14.341151
prog_time = 2016-01-27 23:00:14.691087    real_time = 2016-01-27 23:00:14.421710
prog_time = 2016-01-27 23:01:14.691087    real_time = 2016-01-27 23:01:14.502915
prog_time = 2016-01-27 23:02:14.691087    real_time = 2016-01-27 23:02:14.618075
prog_time = 2016-01-27 23:03:14.691087    real_time = 2016-01-27 23:03:14.707198
prog_time = 2016-01-27 23:04:14.691087    real_time = 2016-01-27 23:04:13.800370
prog_time = 2016-01-27 23:05:14.691087    real_time = 2016-01-27 23:05:13.886510
prog_time = 2016-01-27 23:06:14.691087    real_time = 2016-01-27 23:06:13.978469
prog_time = 2016-01-27 23:07:14.691087    real_time = 2016-01-27 23:07:14.070218
prog_time = 2016-01-27 23:08:14.691087    real_time = 2016-01-27 23:08:14.183547
prog_time = 2016-01-27 23:09:14.691087    real_time = 2016-01-27 23:09:14.287636
('http://www.vedomosti.ru/finance/news/2016/01/27/625776-bank-interkommerts', 2.95, '2016-01-27 22:54', 2)
prog_time = 2016-01-27 23:10:14.691087    real_time = 2016-01-27 23:10:14.441999
prog_time = 2016-01-27 23:11:14.691087    real_time = 2016-01-27 23:11:14.513884
prog_time = 2016-01-27 23:12:14.691087    real_time = 2016-01-27 23:12:14.605451
('http://lifenews.ru/news/182144', 27.75, '2016-01-27 22:57', 14)
prog_time = 2016-01-27 23:13:14.691087    real_time = 2016-01-27 23:13:14.731889
prog_time = 2016-01-27 23:14:14.691087    real_time = 2016-01-27 23:14:13.825618
prog_time = 2016-01-27 23:15:14.691087    real_time = 2016-01-27 23:15:13.914005
prog_time = 2016-01-27 23:16:14.691087    real_time = 2016-01-27 23:16:14.024092
prog_time = 2016-01-27 23:17:14.691087    real_time = 2016-01-27 23:17:14.121617
('http://www.ria.ru/incidents/20160127/1366233756.html', 0.95, '2016-01-27 23:02', 1)
prog_time = 2016-01-27 23:18:14.691087    real_time = 2016-01-27 23:18:14.230691
prog_time = 2016-01-27 23:19:14.691087    real_time = 2016-01-27 23:19:14.287019
prog_time = 2016-01-27 23:20:14.691087    real_time = 2016-01-27 23:20:14.400775
('https://vc.ru/n/business-help-2016', 4.15, '2016-01-27 23:05', 1)
prog_time = 2016-01-27 23:21:14.691087    real_time = 2016-01-27 23:21:14.534468
('http://lifenews.ru/news/182145', 49.06, '2016-01-27 23:06', 21)
prog_time = 2016-01-27 23:22:14.691087    real_time = 2016-01-27 23:22:14.646304
prog_time = 2016-01-27 23:23:14.691087    real_time = 2016-01-27 23:23:14.736798
prog_time = 2016-01-27 23:24:14.691087    real_time = 2016-01-27 23:24:13.843565
prog_time = 2016-01-27 23:25:14.691087    real_time = 2016-01-27 23:25:13.928736
prog_time = 2016-01-27 23:26:14.691087    real_time = 2016-01-27 23:26:14.054302
prog_time = 2016-01-27 23:27:14.691087    real_time = 2016-01-27 23:27:14.169570
